<?xml version="1.0" encoding="utf-8"?><testsuites name="pytest tests"><testsuite name="pytest" errors="0" failures="0" skipped="1" tests="21" time="3.009" timestamp="2026-08-12T11:22:07.885166+00:00" hostname="agent-env-2707d9a1-bdb6-4219-a782-206bbdd91aa6"><testcase classname="backend.tests.backend_test.TestAuth" name="test_send_otp_bad_phone" time="0.205" /><testcase classname="backend.tests.backend_test.TestAuth" name="test_verify_otp_invalid" time="0.138" /><testcase classname="backend.tests.backend_test.TestWallet" name="test_wallet_returns_balance" time="0.221" /><testcase classname="backend.tests.backend_test.TestWallet" name="test_wallet_requires_auth" time="0.064" /><testcase classname="backend.tests.backend_test.TestGamesPlay" name="test_play_game[dice]" time="0.144" /><testcase classname="backend.tests.backend_test.TestGamesPlay" name="test_play_game[spin]" time="0.131" /><testcase classname="backend.tests.backend_test.TestGamesPlay" name="test_play_game[andar-bahar]" time="0.134" /><testcase classname="backend.tests.backend_test.TestGamesPlay" name="test_play_game[teenpatti]" time="0.134" /><testcase classname="backend.tests.backend_test.TestGamesPlay" name="test_play_game[number-king]" time="0.135" /><testcase classname="backend.tests.backend_test.TestGamesPlay" name="test_play_game[plinko]" time="0.133" /><testcase classname="backend.tests.backend_test.TestGamesPlay" name="test_play_game[mines]" time="0.136" /><testcase classname="backend.tests.backend_test.TestGamesPlay" name="test_play_game[match3]" time="0.131" /><testcase classname="backend.tests.backend_test.TestGamesPlay" name="test_play_game[bullseye]" time="0.133" /><testcase classname="backend.tests.backend_test.TestGamesPlay" name="test_play_game[sudoku]" time="0.132" /><testcase classname="backend.tests.backend_test.TestGamesPlay" name="test_play_game[tournament]" time="0.135" /><testcase classname="backend.tests.backend_test.TestGamesPlay" name="test_bet_negative_rejected" time="0.067" /><testcase classname="backend.tests.backend_test.TestGamesPlay" name="test_bet_over_balance_rejected" time="0.066" /><testcase classname="backend.tests.backend_test.TestCrash" name="test_crash_start_no_crash_point" time="0.271" /><testcase classname="backend.tests.backend_test.TestCrash" name="test_crash_cashout_flow" time="0.198" /><testcase classname="backend.tests.backend_test.TestFeed" name="test_feed_returns_15" time="0.069" /><testcase classname="backend.tests.backend_test.TestWinRateEconomics" name="test_dice_win_rate_around_38" time="0.065"><skipped type="pytest.skip" message="admin unavailable">/app/backend/tests/backend_test.py:165: admin unavailable</skipped></testcase></testsuite></testsuites>